Created by PLY version 3.11 (http://www.dabeaz.com/ply)

Unused terminals:

    SEMI

Grammar

Rule 0     S' -> expresion
Rule 1     expresion -> ID LPAREN expresion RPAREN
Rule 2     expresion -> NUM
Rule 3     expresion -> Reservada

Terminals, with rules where they appear

ID                   : 1
LPAREN               : 1
NUM                  : 2
RPAREN               : 1
Reservada            : 3
SEMI                 : 
error                : 

Nonterminals, with rules where they appear

expresion            : 1 0

Parsing method: LALR

state 0

    (0) S' -> . expresion
    (1) expresion -> . ID LPAREN expresion RPAREN
    (2) expresion -> . NUM
    (3) expresion -> . Reservada

    ID              shift and go to state 2
    NUM             shift and go to state 3
    Reservada       shift and go to state 4

    expresion                      shift and go to state 1

state 1

    (0) S' -> expresion .



state 2

    (1) expresion -> ID . LPAREN expresion RPAREN

    LPAREN          shift and go to state 5


state 3

    (2) expresion -> NUM .

    $end            reduce using rule 2 (expresion -> NUM .)
    RPAREN          reduce using rule 2 (expresion -> NUM .)


state 4

    (3) expresion -> Reservada .

    $end            reduce using rule 3 (expresion -> Reservada .)
    RPAREN          reduce using rule 3 (expresion -> Reservada .)


state 5

    (1) expresion -> ID LPAREN . expresion RPAREN
    (1) expresion -> . ID LPAREN expresion RPAREN
    (2) expresion -> . NUM
    (3) expresion -> . Reservada

    ID              shift and go to state 2
    NUM             shift and go to state 3
    Reservada       shift and go to state 4

    expresion                      shift and go to state 6

state 6

    (1) expresion -> ID LPAREN expresion . RPAREN

    RPAREN          shift and go to state 7


state 7

    (1) expresion -> ID LPAREN expresion RPAREN .

    $end            reduce using rule 1 (expresion -> ID LPAREN expresion RPAREN .)
    RPAREN          reduce using rule 1 (expresion -> ID LPAREN expresion RPAREN .)

